<?xml version="1.0" encoding="UTF-8"?>
<testsuite xmlns:xsi="http://www.w3.org/2001/XMLSchema-instance" xsi:noNamespaceSchemaLocation="https://maven.apache.org/surefire/maven-surefire-plugin/xsd/surefire-test-report.xsd" name="com.example.MyServiceTest" time="1.651" tests="7" errors="0" skipped="0" failures="0">
  <properties>
[...]
</properties>
  <testcase name="testVoidMethod" classname="com.example.MyServiceTest" time="1.541"/>
  <testcase name="testExternalApi" classname="com.example.MyServiceTest" time="0.01"/>
  <testcase name="testMultipleReturns" classname="com.example.MyServiceTest" time="0.002"/>
  <testcase name="testVerifyInteraction" classname="com.example.MyServiceTest" time="0.003"/>
  <testcase name="testVoidMethodThrowsException" classname="com.example.MyServiceTest" time="0.024"/>
  <testcase name="testInteractionOrder" classname="com.example.MyServiceTest" time="0.028"/>
  <testcase name="testArgumentMatching" classname="com.example.MyServiceTest" time="0.006"/>
</testsuite>