-------------------------------------------------------------------------------
Test set: com.example.ExceptionHandlerTest
-------------------------------------------------------------------------------
Tests run: 1, Failures: 0, Errors: 1, Skipped: 0, Time elapsed: 0.001 s <<< FAILURE! - in com.example.ExceptionHandlerTest
com.example.ExceptionHandlerTest  Time elapsed: 0 s  <<< ERROR!
java.lang.IllegalStateException: Configuration error: found multiple declarations of @BootstrapWith for test class [com.example.ExceptionHandlerTest]: [@org.springframework.test.context.BootstrapWith(value=org.springframework.boot.test.context.SpringBootTestContextBootstrapper.class), @org.springframework.test.context.BootstrapWith(value=org.springframework.boot.test.autoconfigure.web.servlet.WebMvcTestContextBootstrapper.class)]

